<?xml version="1.0" encoding="UTF-8"?>
<!-- Generated by org.testng.reporters.JUnitReportReporter -->
<testsuite hostname="DESKTOP-IHLNB50" failures="0" tests="1" name="com.qa.apiTests.SingleUser" time="2.378" errors="0" timestamp="2025-03-26T10:31:25 IST" skipped="0">
  <testcase classname="com.qa.apiTests.SingleUser" name="singleUserApi" time="2.378"/>
</testsuite> <!-- com.qa.apiTests.SingleUser -->
