<?xml version="1.0" encoding="UTF-8"?>
<!-- Generated by org.testng.reporters.JUnitReportReporter -->
<testsuite hostname="DESKTOP-HVJ98LB" failures="0" tests="1" name="com.qa.apiTests.LoginAPITest" time="4.349" errors="0" timestamp="2024-10-14T17:09:17 IST" skipped="0">
  <testcase classname="com.qa.apiTests.LoginAPITest" name="testLoginAPI" time="4.349"/>
</testsuite> <!-- com.qa.apiTests.LoginAPITest -->
