<?xml version="1.0" encoding="UTF-8"?>
<!-- Generated by org.testng.reporters.JUnitReportReporter -->
<testsuite hostname="DESKTOP-IHLNB50" failures="0" tests="1" name="com.qa.apiTests.LoginAPITest" time="5.271" errors="0" timestamp="2025-03-28T16:14:08 IST" skipped="0">
  <testcase classname="com.qa.apiTests.LoginAPITest" name="testLoginAPI" time="5.271"/>
</testsuite> <!-- com.qa.apiTests.LoginAPITest -->
