<?xml version="1.0" encoding="UTF-8"?>
<!-- Generated by org.testng.reporters.JUnitReportReporter -->
<testsuite hostname="DESKTOP-IHLNB50" failures="0" tests="1" name="com.qa.apiTests.PostApi" time="4.490" errors="0" timestamp="2025-03-26T11:10:29 IST" skipped="0">
  <testcase classname="com.qa.apiTests.PostApi" name="checkPostApi" time="4.490"/>
</testsuite> <!-- com.qa.apiTests.PostApi -->
