<?xml version="1.0" encoding="UTF-8"?>
<!-- Generated by org.testng.reporters.JUnitReportReporter -->
<testsuite hostname="DESKTOP-IHLNB50" failures="0" tests="1" name="com.qa.apiTests.PostalPinApiTest" time="4.898" errors="0" timestamp="2025-03-25T12:35:38 IST" skipped="0">
  <testcase classname="com.qa.apiTests.PostalPinApiTest" name="pinApiTest" time="4.898"/>
</testsuite> <!-- com.qa.apiTests.PostalPinApiTest -->
