<?xml version="1.0" encoding="UTF-8"?>
<!-- Generated by org.testng.reporters.JUnitReportReporter -->
<testsuite hostname="DESKTOP-IHLNB50" failures="0" tests="1" name="com.qa.apiTests.PostalPinApiTest" time="3.660" errors="0" timestamp="2025-03-28T23:46:05 IST" skipped="0">
  <testcase classname="com.qa.apiTests.PostalPinApiTest" name="pinApiTest" time="3.660"/>
</testsuite> <!-- com.qa.apiTests.PostalPinApiTest -->
