<?xml version="1.0" encoding="UTF-8"?>
<!-- Generated by org.testng.reporters.JUnitReportReporter -->
<testsuite hostname="DESKTOP-IHLNB50" failures="0" tests="1" name="com.qa.apiTests.PostalPinApiTest" time="6.266" errors="0" timestamp="2025-03-26T12:41:00 IST" skipped="0">
  <testcase classname="com.qa.apiTests.PostalPinApiTest" name="pinApiTest" time="6.266"/>
</testsuite> <!-- com.qa.apiTests.PostalPinApiTest -->
